[0.773s] DEBUG:colcon:Command line arguments: ['/usr/bin/colcon', 'build']
[0.774s] DEBUG:colcon:Parsed command line arguments: Namespace(allow_overriding=[], ament_cmake_args=None, base_paths=['.'], build_base='build', catkin_cmake_args=None, catkin_skip_building_tests=False, cmake_args=None, cmake_clean_cache=False, cmake_clean_first=False, cmake_force_configure=False, cmake_target=None, cmake_target_skip_unavailable=False, continue_on_error=False, event_handlers=None, executor='parallel', ignore_user_meta=False, install_base='install', log_base=None, log_level=None, main=<bound method BuildVerb.main of <colcon_core.verb.build.BuildVerb object at 0x7fdbf5c94a60>>, merge_install=False, metas=['./colcon.meta'], packages_above=None, packages_above_and_dependencies=None, packages_above_depth=None, packages_end=None, packages_ignore=None, packages_ignore_regex=None, packages_select=None, packages_select_build_failed=False, packages_select_by_dep=None, packages_select_regex=None, packages_select_test_failures=False, packages_skip=None, packages_skip_build_finished=False, packages_skip_by_dep=None, packages_skip_regex=None, packages_skip_test_passed=False, packages_skip_up_to=None, packages_start=None, packages_up_to=None, packages_up_to_regex=None, parallel_workers=2, paths=None, symlink_install=False, test_result_base=None, verb_extension=<colcon_core.verb.build.BuildVerb object at 0x7fdbf5c94a60>, verb_name='build', verb_parser=<colcon_defaults.argument_parser.defaults.DefaultArgumentsDecorator object at 0x7fdbf5c94fa0>)
[1.045s] Level 1:colcon.colcon_core.package_discovery:discover_packages(colcon_meta) check parameters
[1.045s] Level 1:colcon.colcon_core.package_discovery:discover_packages(recursive) check parameters
[1.045s] Level 1:colcon.colcon_core.package_discovery:discover_packages(ignore) check parameters
[1.045s] Level 1:colcon.colcon_core.package_discovery:discover_packages(path) check parameters
[1.045s] Level 1:colcon.colcon_core.package_discovery:discover_packages(colcon_meta) discover
[1.045s] Level 1:colcon.colcon_core.package_discovery:discover_packages(recursive) discover
[1.045s] INFO:colcon.colcon_core.package_discovery:Crawling recursively for packages in '/home/kuy02/gazebo_ws/src/f1tenth_gazebo_sim'
[1.045s] Level 1:colcon.colcon_core.package_identification:_identify(.) by extensions ['ignore', 'ignore_ament_install']
[1.045s] Level 1:colcon.colcon_core.package_identification:_identify(.) by extension 'ignore'
[1.045s] Level 1:colcon.colcon_core.package_identification:_identify(.) by extension 'ignore_ament_install'
[1.045s] Level 1:colcon.colcon_core.package_identification:_identify(.) by extensions ['colcon_pkg']
[1.045s] Level 1:colcon.colcon_core.package_identification:_identify(.) by extension 'colcon_pkg'
[1.046s] Level 1:colcon.colcon_core.package_identification:_identify(.) by extensions ['colcon_meta']
[1.046s] Level 1:colcon.colcon_core.package_identification:_identify(.) by extension 'colcon_meta'
[1.046s] Level 1:colcon.colcon_core.package_identification:_identify(.) by extensions ['ros']
[1.046s] Level 1:colcon.colcon_core.package_identification:_identify(.) by extension 'ros'
[1.072s] DEBUG:colcon.colcon_core.package_identification:Package '.' with type 'ros.ament_python' and name 'f1tenth_gazebo'
[1.072s] Level 1:colcon.colcon_core.package_discovery:discover_packages(recursive) using defaults
[1.072s] Level 1:colcon.colcon_core.package_discovery:discover_packages(ignore) discover
[1.072s] Level 1:colcon.colcon_core.package_discovery:discover_packages(ignore) using defaults
[1.072s] Level 1:colcon.colcon_core.package_discovery:discover_packages(path) discover
[1.072s] Level 1:colcon.colcon_core.package_discovery:discover_packages(path) using defaults
[1.129s] Level 1:colcon.colcon_core.package_discovery:discover_packages(prefix_path) check parameters
[1.129s] Level 1:colcon.colcon_core.package_discovery:discover_packages(prefix_path) discover
[1.133s] Level 1:colcon.colcon_core.package_discovery:discover_packages(prefix_path) using defaults
[1.137s] Level 5:colcon.colcon_core.verb:set package 'f1tenth_gazebo' build argument 'cmake_args' from command line to 'None'
[1.138s] Level 5:colcon.colcon_core.verb:set package 'f1tenth_gazebo' build argument 'cmake_target' from command line to 'None'
[1.138s] Level 5:colcon.colcon_core.verb:set package 'f1tenth_gazebo' build argument 'cmake_target_skip_unavailable' from command line to 'False'
[1.138s] Level 5:colcon.colcon_core.verb:set package 'f1tenth_gazebo' build argument 'cmake_clean_cache' from command line to 'False'
[1.138s] Level 5:colcon.colcon_core.verb:set package 'f1tenth_gazebo' build argument 'cmake_clean_first' from command line to 'False'
[1.138s] Level 5:colcon.colcon_core.verb:set package 'f1tenth_gazebo' build argument 'cmake_force_configure' from command line to 'False'
[1.138s] Level 5:colcon.colcon_core.verb:set package 'f1tenth_gazebo' build argument 'ament_cmake_args' from command line to 'None'
[1.138s] Level 5:colcon.colcon_core.verb:set package 'f1tenth_gazebo' build argument 'catkin_cmake_args' from command line to 'None'
[1.138s] Level 5:colcon.colcon_core.verb:set package 'f1tenth_gazebo' build argument 'catkin_skip_building_tests' from command line to 'False'
[1.138s] DEBUG:colcon.colcon_core.verb:Building package 'f1tenth_gazebo' with the following arguments: {'ament_cmake_args': None, 'build_base': '/home/kuy02/gazebo_ws/src/f1tenth_gazebo_sim/build/f1tenth_gazebo', 'catkin_cmake_args': None, 'catkin_skip_building_tests': False, 'cmake_args': None, 'cmake_clean_cache': False, 'cmake_clean_first': False, 'cmake_force_configure': False, 'cmake_target': None, 'cmake_target_skip_unavailable': False, 'install_base': '/home/kuy02/gazebo_ws/src/f1tenth_gazebo_sim/install/f1tenth_gazebo', 'merge_install': False, 'path': '/home/kuy02/gazebo_ws/src/f1tenth_gazebo_sim', 'symlink_install': False, 'test_result_base': None}
[1.138s] INFO:colcon.colcon_core.executor:Executing jobs using 'parallel' executor
[1.144s] DEBUG:colcon.colcon_parallel_executor.executor.parallel:run_until_complete
[1.144s] INFO:colcon.colcon_ros.task.ament_python.build:Building ROS package in '/home/kuy02/gazebo_ws/src/f1tenth_gazebo_sim' with build type 'ament_python'
[1.144s] Level 1:colcon.colcon_core.shell:create_environment_hook('f1tenth_gazebo', 'ament_prefix_path')
[1.163s] INFO:colcon.colcon_core.plugin_system:Skipping extension 'colcon_core.shell.bat': Not used on non-Windows systems
[1.163s] INFO:colcon.colcon_core.shell:Creating environment hook '/home/kuy02/gazebo_ws/src/f1tenth_gazebo_sim/install/f1tenth_gazebo/share/f1tenth_gazebo/hook/ament_prefix_path.ps1'
[1.165s] INFO:colcon.colcon_core.shell:Creating environment descriptor '/home/kuy02/gazebo_ws/src/f1tenth_gazebo_sim/install/f1tenth_gazebo/share/f1tenth_gazebo/hook/ament_prefix_path.dsv'
[1.166s] INFO:colcon.colcon_core.shell:Creating environment hook '/home/kuy02/gazebo_ws/src/f1tenth_gazebo_sim/install/f1tenth_gazebo/share/f1tenth_gazebo/hook/ament_prefix_path.sh'
[1.167s] INFO:colcon.colcon_core.shell:Skip shell extension 'powershell' for command environment: Not usable outside of PowerShell
[1.167s] DEBUG:colcon.colcon_core.shell:Skip shell extension 'dsv' for command environment
[1.488s] INFO:colcon.colcon_core.task.python.build:Building Python package in '/home/kuy02/gazebo_ws/src/f1tenth_gazebo_sim'
[1.489s] INFO:colcon.colcon_core.shell:Skip shell extension 'powershell' for command environment: Not usable outside of PowerShell
[1.489s] DEBUG:colcon.colcon_core.shell:Skip shell extension 'dsv' for command environment
[2.407s] DEBUG:colcon.colcon_core.event_handler.log_command:Invoking command in '/home/kuy02/gazebo_ws/src/f1tenth_gazebo_sim': PYTHONPATH=/home/kuy02/gazebo_ws/src/f1tenth_gazebo_sim/build/f1tenth_gazebo/prefix_override:/usr/lib/python3/dist-packages/colcon_core/task/python/colcon_distutils_commands:/home/kuy02/gazebo_ws/src/f1tenth_gazebo_sim/install/f1tenth_gazebo/lib/python3.8/site-packages: /usr/bin/python3 -W ignore:setup.py install is deprecated -W ignore:easy_install command is deprecated setup.py egg_info --egg-base build/f1tenth_gazebo build --build-base /home/kuy02/gazebo_ws/src/f1tenth_gazebo_sim/build/f1tenth_gazebo/build install --record /home/kuy02/gazebo_ws/src/f1tenth_gazebo_sim/build/f1tenth_gazebo/install.log --install-scripts $base/lib/f1tenth_gazebo --single-version-externally-managed install_data
[2.879s] DEBUG:colcon.colcon_core.event_handler.log_command:Invoked command in '/home/kuy02/gazebo_ws/src/f1tenth_gazebo_sim' returned '0': PYTHONPATH=/home/kuy02/gazebo_ws/src/f1tenth_gazebo_sim/build/f1tenth_gazebo/prefix_override:/usr/lib/python3/dist-packages/colcon_core/task/python/colcon_distutils_commands:/home/kuy02/gazebo_ws/src/f1tenth_gazebo_sim/install/f1tenth_gazebo/lib/python3.8/site-packages: /usr/bin/python3 -W ignore:setup.py install is deprecated -W ignore:easy_install command is deprecated setup.py egg_info --egg-base build/f1tenth_gazebo build --build-base /home/kuy02/gazebo_ws/src/f1tenth_gazebo_sim/build/f1tenth_gazebo/build install --record /home/kuy02/gazebo_ws/src/f1tenth_gazebo_sim/build/f1tenth_gazebo/install.log --install-scripts $base/lib/f1tenth_gazebo --single-version-externally-managed install_data
[2.901s] Level 1:colcon.colcon_core.environment:checking '/home/kuy02/gazebo_ws/src/f1tenth_gazebo_sim/install/f1tenth_gazebo' for CMake module files
[2.902s] Level 1:colcon.colcon_core.environment:checking '/home/kuy02/gazebo_ws/src/f1tenth_gazebo_sim/install/f1tenth_gazebo' for CMake config files
[2.904s] Level 1:colcon.colcon_core.environment:checking '/home/kuy02/gazebo_ws/src/f1tenth_gazebo_sim/install/f1tenth_gazebo/lib'
[2.904s] Level 1:colcon.colcon_core.environment:checking '/home/kuy02/gazebo_ws/src/f1tenth_gazebo_sim/install/f1tenth_gazebo/bin'
[2.904s] Level 1:colcon.colcon_core.environment:checking '/home/kuy02/gazebo_ws/src/f1tenth_gazebo_sim/install/f1tenth_gazebo/lib/pkgconfig/f1tenth_gazebo.pc'
[2.904s] Level 1:colcon.colcon_core.environment:checking '/home/kuy02/gazebo_ws/src/f1tenth_gazebo_sim/install/f1tenth_gazebo/lib/python3.8/site-packages'
[2.904s] Level 1:colcon.colcon_core.shell:create_environment_hook('f1tenth_gazebo', 'pythonpath')
[2.905s] INFO:colcon.colcon_core.shell:Creating environment hook '/home/kuy02/gazebo_ws/src/f1tenth_gazebo_sim/install/f1tenth_gazebo/share/f1tenth_gazebo/hook/pythonpath.ps1'
[2.905s] INFO:colcon.colcon_core.shell:Creating environment descriptor '/home/kuy02/gazebo_ws/src/f1tenth_gazebo_sim/install/f1tenth_gazebo/share/f1tenth_gazebo/hook/pythonpath.dsv'
[2.905s] INFO:colcon.colcon_core.shell:Creating environment hook '/home/kuy02/gazebo_ws/src/f1tenth_gazebo_sim/install/f1tenth_gazebo/share/f1tenth_gazebo/hook/pythonpath.sh'
[2.906s] Level 1:colcon.colcon_core.environment:checking '/home/kuy02/gazebo_ws/src/f1tenth_gazebo_sim/install/f1tenth_gazebo/bin'
[2.906s] Level 1:colcon.colcon_core.environment:create_environment_scripts_only(f1tenth_gazebo)
[2.906s] INFO:colcon.colcon_core.shell:Creating package script '/home/kuy02/gazebo_ws/src/f1tenth_gazebo_sim/install/f1tenth_gazebo/share/f1tenth_gazebo/package.ps1'
[2.912s] INFO:colcon.colcon_core.shell:Creating package descriptor '/home/kuy02/gazebo_ws/src/f1tenth_gazebo_sim/install/f1tenth_gazebo/share/f1tenth_gazebo/package.dsv'
[2.916s] INFO:colcon.colcon_core.shell:Creating package script '/home/kuy02/gazebo_ws/src/f1tenth_gazebo_sim/install/f1tenth_gazebo/share/f1tenth_gazebo/package.sh'
[2.924s] INFO:colcon.colcon_core.shell:Creating package script '/home/kuy02/gazebo_ws/src/f1tenth_gazebo_sim/install/f1tenth_gazebo/share/f1tenth_gazebo/package.bash'
[2.929s] INFO:colcon.colcon_core.shell:Creating package script '/home/kuy02/gazebo_ws/src/f1tenth_gazebo_sim/install/f1tenth_gazebo/share/f1tenth_gazebo/package.zsh'
[2.932s] Level 1:colcon.colcon_core.environment:create_file_with_runtime_dependencies(/home/kuy02/gazebo_ws/src/f1tenth_gazebo_sim/install/f1tenth_gazebo/share/colcon-core/packages/f1tenth_gazebo)
[2.934s] DEBUG:colcon.colcon_parallel_executor.executor.parallel:closing loop
[2.934s] DEBUG:colcon.colcon_parallel_executor.executor.parallel:loop closed
[2.934s] DEBUG:colcon.colcon_parallel_executor.executor.parallel:run_until_complete finished with '0'
[2.934s] DEBUG:colcon.colcon_core.event_reactor:joining thread
[2.948s] INFO:colcon.colcon_core.plugin_system:Skipping extension 'colcon_notification.desktop_notification.terminal_notifier': Not used on non-Darwin systems
[2.949s] INFO:colcon.colcon_core.plugin_system:Skipping extension 'colcon_notification.desktop_notification.win32': Not used on non-Windows systems
[2.949s] INFO:colcon.colcon_notification.desktop_notification:Sending desktop notification using 'notify2'
[2.982s] DEBUG:colcon.colcon_core.event_reactor:joined thread
[2.983s] INFO:colcon.colcon_core.shell:Creating prefix script '/home/kuy02/gazebo_ws/src/f1tenth_gazebo_sim/install/local_setup.ps1'
[2.986s] INFO:colcon.colcon_core.shell:Creating prefix util module '/home/kuy02/gazebo_ws/src/f1tenth_gazebo_sim/install/_local_setup_util_ps1.py'
[2.990s] INFO:colcon.colcon_core.shell:Creating prefix chain script '/home/kuy02/gazebo_ws/src/f1tenth_gazebo_sim/install/setup.ps1'
[2.993s] INFO:colcon.colcon_core.shell:Creating prefix script '/home/kuy02/gazebo_ws/src/f1tenth_gazebo_sim/install/local_setup.sh'
[2.996s] INFO:colcon.colcon_core.shell:Creating prefix util module '/home/kuy02/gazebo_ws/src/f1tenth_gazebo_sim/install/_local_setup_util_sh.py'
[2.996s] INFO:colcon.colcon_core.shell:Creating prefix chain script '/home/kuy02/gazebo_ws/src/f1tenth_gazebo_sim/install/setup.sh'
[2.998s] INFO:colcon.colcon_core.shell:Creating prefix script '/home/kuy02/gazebo_ws/src/f1tenth_gazebo_sim/install/local_setup.bash'
[3.000s] INFO:colcon.colcon_core.shell:Creating prefix chain script '/home/kuy02/gazebo_ws/src/f1tenth_gazebo_sim/install/setup.bash'
[3.001s] INFO:colcon.colcon_core.shell:Creating prefix script '/home/kuy02/gazebo_ws/src/f1tenth_gazebo_sim/install/local_setup.zsh'
[3.003s] INFO:colcon.colcon_core.shell:Creating prefix chain script '/home/kuy02/gazebo_ws/src/f1tenth_gazebo_sim/install/setup.zsh'
