/home/kuy02/gazebo_ws/src/f1tenth_gazebo_sim/install/f1tenth_gazebo/lib/python3.8/site-packages/f1tenth_gazebo/reset_car.py
/home/kuy02/gazebo_ws/src/f1tenth_gazebo_sim/install/f1tenth_gazebo/lib/python3.8/site-packages/f1tenth_gazebo/__init__.py
/home/kuy02/gazebo_ws/src/f1tenth_gazebo_sim/install/f1tenth_gazebo/lib/python3.8/site-packages/f1tenth_gazebo/generate_track.py
/home/kuy02/gazebo_ws/src/f1tenth_gazebo_sim/install/f1tenth_gazebo/lib/python3.8/site-packages/f1tenth_gazebo/ackermann_drive_to_twist.py
/home/kuy02/gazebo_ws/src/f1tenth_gazebo_sim/install/f1tenth_gazebo/lib/python3.8/site-packages/f1tenth_gazebo/__pycache__/reset_car.cpython-38.pyc
/home/kuy02/gazebo_ws/src/f1tenth_gazebo_sim/install/f1tenth_gazebo/lib/python3.8/site-packages/f1tenth_gazebo/__pycache__/__init__.cpython-38.pyc
/home/kuy02/gazebo_ws/src/f1tenth_gazebo_sim/install/f1tenth_gazebo/lib/python3.8/site-packages/f1tenth_gazebo/__pycache__/generate_track.cpython-38.pyc
/home/kuy02/gazebo_ws/src/f1tenth_gazebo_sim/install/f1tenth_gazebo/lib/python3.8/site-packages/f1tenth_gazebo/__pycache__/ackermann_drive_to_twist.cpython-38.pyc
/home/kuy02/gazebo_ws/src/f1tenth_gazebo_sim/install/f1tenth_gazebo/share/ament_index/resource_index/packages/f1tenth_gazebo
/home/kuy02/gazebo_ws/src/f1tenth_gazebo_sim/install/f1tenth_gazebo/share/f1tenth_gazebo/package.xml
/home/kuy02/gazebo_ws/src/f1tenth_gazebo_sim/install/f1tenth_gazebo/share/f1tenth_gazebo/launch/sim_launch.py
/home/kuy02/gazebo_ws/src/f1tenth_gazebo_sim/install/f1tenth_gazebo/share/f1tenth_gazebo/urdf/f1tenth.urdf.xacro
/home/kuy02/gazebo_ws/src/f1tenth_gazebo_sim/install/f1tenth_gazebo/share/f1tenth_gazebo/worlds/button_track.world
/home/kuy02/gazebo_ws/src/f1tenth_gazebo_sim/install/f1tenth_gazebo/lib/python3.8/site-packages/f1tenth_gazebo-0.0.0-py3.8.egg-info/top_level.txt
/home/kuy02/gazebo_ws/src/f1tenth_gazebo_sim/install/f1tenth_gazebo/lib/python3.8/site-packages/f1tenth_gazebo-0.0.0-py3.8.egg-info/entry_points.txt
/home/kuy02/gazebo_ws/src/f1tenth_gazebo_sim/install/f1tenth_gazebo/lib/python3.8/site-packages/f1tenth_gazebo-0.0.0-py3.8.egg-info/PKG-INFO
/home/kuy02/gazebo_ws/src/f1tenth_gazebo_sim/install/f1tenth_gazebo/lib/python3.8/site-packages/f1tenth_gazebo-0.0.0-py3.8.egg-info/dependency_links.txt
/home/kuy02/gazebo_ws/src/f1tenth_gazebo_sim/install/f1tenth_gazebo/lib/python3.8/site-packages/f1tenth_gazebo-0.0.0-py3.8.egg-info/zip-safe
/home/kuy02/gazebo_ws/src/f1tenth_gazebo_sim/install/f1tenth_gazebo/lib/python3.8/site-packages/f1tenth_gazebo-0.0.0-py3.8.egg-info/SOURCES.txt
/home/kuy02/gazebo_ws/src/f1tenth_gazebo_sim/install/f1tenth_gazebo/lib/python3.8/site-packages/f1tenth_gazebo-0.0.0-py3.8.egg-info/requires.txt
/home/kuy02/gazebo_ws/src/f1tenth_gazebo_sim/install/f1tenth_gazebo/lib/f1tenth_gazebo/convert_drive
/home/kuy02/gazebo_ws/src/f1tenth_gazebo_sim/install/f1tenth_gazebo/lib/f1tenth_gazebo/reset_car
